TN:
SF:./src/client/app/app.module.js
FN:1,(anonymous_1)
FNF:1
FNH:1
FNDA:1,(anonymous_1)
DA:1,1
DA:3,1
LF:2
LH:2
BRF:0
BRH:0
end_of_record
TN:
SF:./src/client/app/blocks/exception/exception.module.js
FN:1,(anonymous_1)
FNF:1
FNH:1
FNDA:1,(anonymous_1)
DA:1,1
DA:4,1
LF:2
LH:2
BRF:0
BRH:0
end_of_record
TN:
SF:./src/client/app/blocks/logger/logger.module.js
FN:1,(anonymous_1)
FNF:1
FNH:1
FNDA:1,(anonymous_1)
DA:1,1
DA:4,1
LF:2
LH:2
BRF:0
BRH:0
end_of_record
TN:
SF:./src/client/app/blocks/router/router.module.js
FN:1,(anonymous_1)
FNF:1
FNH:1
FNDA:1,(anonymous_1)
DA:1,1
DA:4,1
LF:2
LH:2
BRF:0
BRH:0
end_of_record
TN:
SF:./src/client/app/core/core.module.js
FN:1,(anonymous_1)
FNF:1
FNH:1
FNDA:1,(anonymous_1)
DA:1,1
DA:4,1
LF:2
LH:2
BRF:0
BRH:0
end_of_record
TN:
SF:./src/client/app/dashboard/dashboard.module.js
FN:1,(anonymous_1)
FNF:1
FNH:1
FNDA:1,(anonymous_1)
DA:1,1
DA:4,1
LF:2
LH:2
BRF:0
BRH:0
end_of_record
TN:
SF:./src/client/app/drugs/drugs.module.js
FN:1,(anonymous_1)
FNF:1
FNH:1
FNDA:1,(anonymous_1)
DA:1,1
DA:4,1
LF:2
LH:2
BRF:0
BRH:0
end_of_record
TN:
SF:./src/client/app/layout/layout.module.js
FN:1,(anonymous_1)
FNF:1
FNH:1
FNDA:1,(anonymous_1)
DA:1,1
DA:4,1
LF:2
LH:2
BRF:0
BRH:0
end_of_record
TN:
SF:./src/client/app/widgets/widgets.module.js
FN:1,(anonymous_1)
FNF:1
FNH:1
FNDA:1,(anonymous_1)
DA:1,1
DA:4,1
LF:2
LH:2
BRF:0
BRH:0
end_of_record
TN:
SF:./src/client/app/blocks/exception/exception-handler.provider.js
FN:3,(anonymous_1)
FN:15,exceptionHandlerProvider
FN:21,(anonymous_3)
FN:25,(anonymous_4)
FN:39,config
FN:52,extendExceptionHandler
FN:53,(anonymous_7)
FNF:7
FNH:7
FNDA:1,(anonymous_1)
FNDA:26,exceptionHandlerProvider
FNDA:24,(anonymous_3)
FNDA:28,(anonymous_4)
FNDA:26,config
FNDA:26,extendExceptionHandler
FNDA:1,(anonymous_7)
DA:3,1
DA:6,1
DA:15,1
DA:17,26
DA:21,26
DA:22,24
DA:25,26
DA:26,28
DA:30,1
DA:39,1
DA:40,26
DA:43,1
DA:52,1
DA:53,26
DA:54,1
DA:55,1
DA:56,1
DA:57,1
DA:67,0
LF:19
LH:18
BRDA:54,1,0,1
BRDA:54,1,1,0
BRF:2
BRH:1
end_of_record
TN:
SF:./src/client/app/blocks/exception/exception.js
FN:1,(anonymous_1)
FN:11,exception
FN:17,catcher
FN:18,(anonymous_4)
FNF:4
FNH:1
FNDA:1,(anonymous_1)
FNDA:0,exception
FNDA:0,catcher
FNDA:0,(anonymous_4)
DA:1,1
DA:4,1
DA:8,1
DA:11,1
DA:12,0
DA:15,0
DA:17,1
DA:18,0
DA:19,0
LF:9
LH:5
BRF:0
BRH:0
end_of_record
TN:
SF:./src/client/app/blocks/logger/logger.js
FN:1,(anonymous_1)
FN:11,logger
FN:27,error
FN:32,info
FN:37,success
FN:42,warning
FNF:6
FNH:4
FNDA:1,(anonymous_1)
FNDA:26,logger
FNDA:0,error
FNDA:6,info
FNDA:3,success
FNDA:0,warning
DA:1,1
DA:4,1
DA:8,1
DA:11,1
DA:12,26
DA:24,26
DA:27,1
DA:28,0
DA:29,0
DA:32,1
DA:33,6
DA:34,6
DA:37,1
DA:38,3
DA:39,3
DA:42,1
DA:43,0
DA:44,0
LF:18
LH:14
BRF:0
BRH:0
end_of_record
TN:
SF:./src/client/app/blocks/router/router-helper.provider.js
FN:2,(anonymous_1)
FN:11,routerHelperProvider
FN:20,(anonymous_3)
FN:27,RouterHelper
FN:47,configureStates
FN:48,(anonymous_6)
FN:59,handleRoutingErrors
FN:64,(anonymous_8)
FN:82,init
FN:87,getStates
FN:89,updateDocTitle
FN:91,(anonymous_12)
FNF:12
FNH:10
FNDA:1,(anonymous_1)
FNDA:18,routerHelperProvider
FNDA:18,(anonymous_3)
FNDA:18,RouterHelper
FNDA:30,configureStates
FNDA:30,(anonymous_6)
FNDA:18,handleRoutingErrors
FNDA:0,(anonymous_8)
FNDA:18,init
FNDA:0,getStates
FNDA:18,updateDocTitle
FNDA:8,(anonymous_12)
DA:2,1
DA:5,1
DA:9,1
DA:11,1
DA:13,18
DA:18,18
DA:20,18
DA:21,18
DA:24,18
DA:25,18
DA:27,1
DA:28,18
DA:29,18
DA:30,18
DA:35,18
DA:41,18
DA:43,18
DA:47,1
DA:48,30
DA:49,30
DA:51,30
DA:53,30
DA:54,18
DA:55,18
DA:59,1
DA:63,18
DA:65,0
DA:66,0
DA:68,0
DA:69,0
DA:70,0
DA:73,0
DA:76,0
DA:77,0
DA:82,1
DA:83,18
DA:84,18
DA:87,1
DA:89,1
DA:90,18
DA:92,8
DA:93,8
DA:94,8
DA:95,8
LF:44
LH:36
BRDA:50,1,0,30
BRDA:50,1,1,30
BRDA:53,2,0,18
BRDA:53,2,1,12
BRDA:53,3,0,30
BRDA:53,3,1,18
BRDA:65,4,0,0
BRDA:65,4,1,0
BRDA:70,5,0,0
BRDA:70,5,1,0
BRDA:70,5,2,0
BRDA:70,5,3,0
BRDA:70,5,4,0
BRDA:74,6,0,0
BRDA:74,6,1,0
BRDA:74,7,0,0
BRDA:74,7,1,0
BRDA:75,8,0,0
BRDA:75,8,1,0
BRDA:94,9,0,8
BRDA:94,9,1,0
BRF:21
BRH:7
end_of_record
TN:
SF:./src/client/app/core/config.js
FN:1,(anonymous_1)
FN:10,toastrConfig
FN:32,configure
FNF:3
FNH:3
FNDA:1,(anonymous_1)
FNDA:18,toastrConfig
FNDA:18,configure
DA:1,1
DA:4,1
DA:6,1
DA:8,1
DA:10,1
DA:11,18
DA:12,18
DA:21,1
DA:26,1
DA:28,1
DA:30,1
DA:32,1
DA:33,18
DA:34,18
DA:36,18
DA:37,18
LF:16
LH:16
BRDA:33,1,0,18
BRDA:33,1,1,0
BRF:2
BRH:1
end_of_record
TN:
SF:./src/client/app/core/constants.js
FN:2,(anonymous_1)
FNF:1
FNH:1
FNDA:1,(anonymous_1)
DA:2,1
DA:5,1
LF:2
LH:2
BRF:0
BRH:0
end_of_record
TN:
SF:./src/client/app/core/core.route.js
FN:1,(anonymous_1)
FN:9,appRun
FN:14,getStates
FNF:3
FNH:3
FNDA:1,(anonymous_1)
FNDA:18,appRun
FNDA:18,getStates
DA:1,1
DA:4,1
DA:9,1
DA:10,18
DA:11,18
DA:14,1
DA:15,18
LF:7
LH:7
BRF:0
BRH:0
end_of_record
TN:
SF:./src/client/app/core/dataservice.js
FN:1,(anonymous_1)
FN:16,dataservice
FN:28,getMessageCount
FN:32,getDrugs
FN:37,success
FN:41,fail
FN:50,getTop10Drugs
FN:55,success
FN:59,fail
FN:68,getDrugDetails
FN:73,success
FN:77,fail
FN:86,getDevices
FN:91,success
FN:95,fail
FN:104,getTop10Devices
FN:109,success
FN:113,fail
FN:122,getPeople
FN:127,success
FN:131,fail
FNF:21
FNH:2
FNDA:1,(anonymous_1)
FNDA:9,dataservice
FNDA:0,getMessageCount
FNDA:0,getDrugs
FNDA:0,success
FNDA:0,fail
FNDA:0,getTop10Drugs
FNDA:0,success
FNDA:0,fail
FNDA:0,getDrugDetails
FNDA:0,success
FNDA:0,fail
FNDA:0,getDevices
FNDA:0,success
FNDA:0,fail
FNDA:0,getTop10Devices
FNDA:0,success
FNDA:0,fail
FNDA:0,getPeople
FNDA:0,success
FNDA:0,fail
DA:1,1
DA:5,1
DA:10,1
DA:14,1
DA:16,1
DA:17,9
DA:26,9
DA:28,1
DA:32,1
DA:33,0
DA:37,1
DA:38,0
DA:41,1
DA:42,0
DA:43,0
DA:44,0
DA:50,1
DA:51,0
DA:55,1
DA:56,0
DA:59,1
DA:60,0
DA:61,0
DA:62,0
DA:68,1
DA:69,0
DA:73,1
DA:74,0
DA:77,1
DA:78,0
DA:79,0
DA:80,0
DA:86,1
DA:87,0
DA:91,1
DA:92,0
DA:95,1
DA:96,0
DA:97,0
DA:98,0
DA:104,1
DA:105,0
DA:109,1
DA:110,0
DA:113,1
DA:114,0
DA:115,0
DA:116,0
DA:122,1
DA:123,0
DA:127,1
DA:128,0
DA:131,1
DA:132,0
DA:133,0
DA:134,0
LF:56
LH:26
BRF:0
BRH:0
end_of_record
TN:
SF:./src/client/app/dashboard/dashboard.controller.js
FN:1,(anonymous_1)
FN:10,DashboardController
FN:21,activate
FN:23,(anonymous_4)
FN:29,getTop10Drugs
FN:30,(anonymous_6)
FNF:6
FNH:1
FNDA:1,(anonymous_1)
FNDA:0,DashboardController
FNDA:0,activate
FNDA:0,(anonymous_4)
FNDA:0,getTop10Drugs
FNDA:0,(anonymous_6)
DA:1,1
DA:4,1
DA:8,1
DA:10,1
DA:11,0
DA:12,0
DA:13,0
DA:14,0
DA:15,0
DA:16,0
DA:17,0
DA:19,0
DA:21,1
DA:22,0
DA:23,0
DA:24,0
DA:29,1
DA:30,0
DA:31,0
DA:32,0
DA:33,0
DA:35,0
LF:22
LH:6
BRF:0
BRH:0
end_of_record
TN:
SF:./src/client/app/dashboard/dashboard.route.js
FN:1,(anonymous_1)
FN:10,appRun
FN:14,getStates
FNF:3
FNH:3
FNDA:1,(anonymous_1)
FNDA:3,appRun
FNDA:3,getStates
DA:1,1
DA:4,1
DA:8,1
DA:10,1
DA:11,3
DA:14,1
DA:15,3
LF:7
LH:7
BRF:0
BRH:0
end_of_record
TN:
SF:./src/client/app/drugs/drugs.controller.js
FN:1,(anonymous_1)
FN:10,DrugsController
FN:20,activate
FN:22,(anonymous_4)
FN:27,getDrugs
FN:28,(anonymous_6)
FN:34,getTop10Drugs
FN:35,(anonymous_8)
FNF:8
FNH:8
FNDA:1,(anonymous_1)
FNDA:6,DrugsController
FNDA:6,activate
FNDA:6,(anonymous_4)
FNDA:6,getDrugs
FNDA:6,(anonymous_6)
FNDA:6,getTop10Drugs
FNDA:6,(anonymous_8)
DA:1,1
DA:4,1
DA:8,1
DA:10,1
DA:11,6
DA:12,6
DA:13,6
DA:14,6
DA:15,6
DA:16,6
DA:18,6
DA:20,1
DA:21,6
DA:22,6
DA:23,6
DA:27,1
DA:28,6
DA:29,6
DA:30,6
DA:34,1
DA:35,6
DA:36,6
DA:37,6
LF:23
LH:23
BRF:0
BRH:0
end_of_record
TN:
SF:./src/client/app/drugs/drugs.route.js
FN:1,(anonymous_1)
FN:10,appRun
FN:14,getStates
FNF:3
FNH:3
FNDA:1,(anonymous_1)
FNDA:9,appRun
FNDA:9,getStates
DA:1,1
DA:4,1
DA:8,1
DA:10,1
DA:11,9
DA:14,1
DA:15,9
LF:7
LH:7
BRF:0
BRH:0
end_of_record
TN:
SF:./src/client/app/layout/ht-top-nav.directive.js
FN:1,(anonymous_1)
FN:9,htTopNav
FN:22,TopNavController
FNF:3
FNH:1
FNDA:1,(anonymous_1)
FNDA:0,htTopNav
FNDA:0,TopNavController
DA:1,1
DA:4,1
DA:9,1
DA:10,0
DA:22,1
DA:23,0
DA:26,0
LF:7
LH:4
BRF:0
BRH:0
end_of_record
TN:
SF:./src/client/app/layout/shell.controller.js
FN:1,(anonymous_1)
FN:10,ShellController
FN:24,activate
FN:29,hideSplash
FN:31,(anonymous_5)
FNF:5
FNH:5
FNDA:1,(anonymous_1)
FNDA:3,ShellController
FNDA:3,activate
FNDA:3,hideSplash
FNDA:1,(anonymous_5)
DA:1,1
DA:4,1
DA:8,1
DA:10,1
DA:11,3
DA:12,3
DA:13,3
DA:14,3
DA:15,3
DA:22,3
DA:24,1
DA:25,3
DA:26,3
DA:29,1
DA:31,3
DA:32,1
LF:16
LH:16
BRF:0
BRH:0
end_of_record
TN:
SF:./src/client/app/widgets/ht-img-person.directive.js
FN:1,(anonymous_1)
FN:10,htImgPerson
FN:21,link
FN:22,(anonymous_4)
FNF:4
FNH:1
FNDA:1,(anonymous_1)
FNDA:0,htImgPerson
FNDA:0,link
FNDA:0,(anonymous_4)
DA:1,1
DA:4,1
DA:8,1
DA:10,1
DA:13,0
DA:14,0
DA:15,0
DA:19,0
DA:21,1
DA:22,0
DA:23,0
DA:24,0
LF:12
LH:5
BRDA:23,1,0,0
BRDA:23,1,1,0
BRF:2
BRH:0
end_of_record
TN:
SF:./src/client/app/widgets/ht-widget-header.directive.js
FN:1,(anonymous_1)
FN:9,htWidgetHeader
FNF:2
FNH:1
FNDA:1,(anonymous_1)
FNDA:0,htWidgetHeader
DA:1,1
DA:4,1
DA:9,1
DA:16,0
DA:26,0
LF:5
LH:3
BRF:0
BRH:0
end_of_record
